  [1m[35m (12.1ms)[0m  [1m[35mCREATE TABLE "schema_migrations" ("version" varchar NOT NULL PRIMARY KEY)[0m
  [1m[35m (6.7ms)[0m  [1m[35mCREATE TABLE "ar_internal_metadata" ("key" varchar NOT NULL PRIMARY KEY, "value" varchar, "created_at" datetime(6) NOT NULL, "updated_at" datetime(6) NOT NULL)[0m
  [1m[36mActiveRecord::SchemaMigration Pluck (0.8ms)[0m  [1m[34mSELECT "schema_migrations"."version" FROM "schema_migrations" ORDER BY "schema_migrations"."version" ASC[0m
Migrating to CreateBooks (20220922112959)
  [1m[36mTRANSACTION (0.1ms)[0m  [1m[36mbegin transaction[0m
  [1m[35m (3.0ms)[0m  [1m[35mCREATE TABLE "books" ("id" integer PRIMARY KEY AUTOINCREMENT NOT NULL, "name" varchar, "author" varchar, "created_at" datetime(6) NOT NULL, "updated_at" datetime(6) NOT NULL)[0m
  [1m[36mActiveRecord::SchemaMigration Create (1.1ms)[0m  [1m[32mINSERT INTO "schema_migrations" ("version") VALUES (?)[0m  [["version", "20220922112959"]]
  [1m[36mTRANSACTION (5.9ms)[0m  [1m[36mcommit transaction[0m
  [1m[36mActiveRecord::InternalMetadata Load (0.8ms)[0m  [1m[34mSELECT "ar_internal_metadata".* FROM "ar_internal_metadata" WHERE "ar_internal_metadata"."key" = ? LIMIT ?[0m  [["key", "environment"], ["LIMIT", 1]]
  [1m[36mTRANSACTION (0.0ms)[0m  [1m[36mbegin transaction[0m
  [1m[36mActiveRecord::InternalMetadata Create (2.9ms)[0m  [1m[32mINSERT INTO "ar_internal_metadata" ("key", "value", "created_at", "updated_at") VALUES (?, ?, ?, ?)[0m  [["key", "environment"], ["value", "development"], ["created_at", "2022-09-22 11:30:36.966048"], ["updated_at", "2022-09-22 11:30:36.966048"]]
  [1m[36mTRANSACTION (5.2ms)[0m  [1m[36mcommit transaction[0m
  [1m[36mActiveRecord::SchemaMigration Pluck (0.7ms)[0m  [1m[34mSELECT "schema_migrations"."version" FROM "schema_migrations" ORDER BY "schema_migrations"."version" ASC[0m
  [1m[36mActiveRecord::SchemaMigration Pluck (0.7ms)[0m  [1m[34mSELECT "schema_migrations"."version" FROM "schema_migrations" ORDER BY "schema_migrations"."version" ASC[0m
  [1m[36mTRANSACTION (0.1ms)[0m  [1m[36mbegin transaction[0m
  [1m[36mBook Create (4.1ms)[0m  [1m[32mINSERT INTO "books" ("name", "author", "created_at", "updated_at") VALUES (?, ?, ?, ?)[0m  [["name", "almokademah"], ["author", "bin khaldoun"], ["created_at", "2022-09-22 11:33:40.749770"], ["updated_at", "2022-09-22 11:33:40.749770"]]
  [1m[36mTRANSACTION (6.5ms)[0m  [1m[36mcommit transaction[0m
  [1m[36mTRANSACTION (0.1ms)[0m  [1m[36mbegin transaction[0m
  [1m[36mBook Create (4.1ms)[0m  [1m[32mINSERT INTO "books" ("name", "author", "created_at", "updated_at") VALUES (?, ?, ?, ?)[0m  [["name", "ehia olum elding"], ["author", "abu hamed elghazally"], ["created_at", "2022-09-22 11:33:40.764459"], ["updated_at", "2022-09-22 11:33:40.764459"]]
  [1m[36mTRANSACTION (6.0ms)[0m  [1m[36mcommit transaction[0m
Started GET "/" for 127.0.0.1 at 2022-09-22 13:41:12 +0200
  [1m[36mActiveRecord::SchemaMigration Pluck (1.1ms)[0m  [1m[34mSELECT "schema_migrations"."version" FROM "schema_migrations" ORDER BY "schema_migrations"."version" ASC[0m
Processing by Rails::WelcomeController#index as HTML
  Rendering /home/elaraby/.rvm/gems/ruby-3.0.1/gems/railties-7.0.4/lib/rails/templates/rails/welcome/index.html.erb
  Rendered /home/elaraby/.rvm/gems/ruby-3.0.1/gems/railties-7.0.4/lib/rails/templates/rails/welcome/index.html.erb (Duration: 30.0ms | Allocations: 829)
Completed 200 OK in 275ms (Views: 90.4ms | ActiveRecord: 0.0ms | Allocations: 7781)


Started GET "/books" for 127.0.0.1 at 2022-09-22 13:41:40 +0200
Processing by BooksController#index as HTML
  Rendering layout layouts/application.html.erb
  Rendering books/index.html.erb within layouts/application
  Rendered books/index.html.erb within layouts/application (Duration: 20.2ms | Allocations: 2882)
  Rendered layout layouts/application.html.erb (Duration: 20.8ms | Allocations: 2974)
Completed 500 Internal Server Error in 56ms (Allocations: 4987)


  
ActionView::Template::Error (undefined method `each' for nil:NilClass):
    1: 
    2: <ul>
    3:     <% @boos.each do |booK| %> 
    4:         <li><%= booK.name %></li>
    5:         <li><%= booK.author %></li>
    6:     <%end%> 
  
app/views/books/index.html.erb:3
Started GET "/books" for 127.0.0.1 at 2022-09-22 13:41:49 +0200
Processing by BooksController#index as HTML
  Rendering layout layouts/application.html.erb
  Rendering books/index.html.erb within layouts/application
  [1m[36mBook Load (1.1ms)[0m  [1m[34mSELECT "books".* FROM "books"[0m
  ↳ app/views/books/index.html.erb:3
  Rendered books/index.html.erb within layouts/application (Duration: 35.6ms | Allocations: 16380)
  Rendered layout layouts/application.html.erb (Duration: 1467.6ms | Allocations: 113222)
Completed 200 OK in 1492ms (Views: 1475.1ms | ActiveRecord: 8.9ms | Allocations: 114392)


Started GET "/create" for 127.0.0.1 at 2022-09-22 13:45:49 +0200
  [1m[36mActiveRecord::SchemaMigration Pluck (1.2ms)[0m  [1m[34mSELECT "schema_migrations"."version" FROM "schema_migrations" ORDER BY "schema_migrations"."version" ASC[0m
  
ActionController::RoutingError (No route matches [GET] "/create"):
  
Started GET "/books/1" for 127.0.0.1 at 2022-09-22 13:45:57 +0200
Processing by BooksController#show as HTML
  Parameters: {"id"=>"1"}
  Rendering layout layouts/application.html.erb
  Rendering books/index.html.erb within layouts/application
  Rendered books/index.html.erb within layouts/application (Duration: 7.0ms | Allocations: 1643)
  Rendered layout layouts/application.html.erb (Duration: 7.5ms | Allocations: 1725)
Completed 500 Internal Server Error in 33ms (ActiveRecord: 0.0ms | Allocations: 5491)


  
ActionView::Template::Error (undefined method `each' for nil:NilClass):
    1: 
    2: <ul>
    3:     <% @books.each do |booK| %> 
    4:         <li><%= booK.name %></li>
    5:         <li><%= booK.author %></li>
    6:     <%end%> 
  
app/views/books/index.html.erb:3
app/controllers/books_controller.rb:22:in `show'
Started GET "/new" for 127.0.0.1 at 2022-09-22 13:46:53 +0200
  
ActionController::RoutingError (No route matches [GET] "/new"):
  
Started GET "/books/new" for 127.0.0.1 at 2022-09-22 13:47:09 +0200
Processing by BooksController#new as HTML
Completed 406 Not Acceptable in 11ms (Allocations: 769)


  
ActionController::MissingExactTemplate (BooksController#new is missing a template for request formats: text/html):
  
actionpack (7.0.4) lib/action_controller/metal/implicit_render.rb:45:in `default_render'
actionpack (7.0.4) lib/action_controller/metal/basic_implicit_render.rb:6:in `block in send_action'
<internal:kernel>:90:in `tap'
actionpack (7.0.4) lib/action_controller/metal/basic_implicit_render.rb:6:in `send_action'
actionpack (7.0.4) lib/abstract_controller/base.rb:215:in `process_action'
actionpack (7.0.4) lib/action_controller/metal/rendering.rb:53:in `process_action'
actionpack (7.0.4) lib/abstract_controller/callbacks.rb:234:in `block in process_action'
activesupport (7.0.4) lib/active_support/callbacks.rb:118:in `block in run_callbacks'
actiontext (7.0.4) lib/action_text/rendering.rb:20:in `with_renderer'
actiontext (7.0.4) lib/action_text/engine.rb:69:in `block (4 levels) in <class:Engine>'
activesupport (7.0.4) lib/active_support/callbacks.rb:127:in `instance_exec'
activesupport (7.0.4) lib/active_support/callbacks.rb:127:in `block in run_callbacks'
activesupport (7.0.4) lib/active_support/callbacks.rb:138:in `run_callbacks'
actionpack (7.0.4) lib/abstract_controller/callbacks.rb:233:in `process_action'
actionpack (7.0.4) lib/action_controller/metal/rescue.rb:22:in `process_action'
actionpack (7.0.4) lib/action_controller/metal/instrumentation.rb:67:in `block in process_action'
activesupport (7.0.4) lib/active_support/notifications.rb:206:in `block in instrument'
activesupport (7.0.4) lib/active_support/notifications/instrumenter.rb:24:in `instrument'
activesupport (7.0.4) lib/active_support/notifications.rb:206:in `instrument'
actionpack (7.0.4) lib/action_controller/metal/instrumentation.rb:66:in `process_action'
actionpack (7.0.4) lib/action_controller/metal/params_wrapper.rb:259:in `process_action'
activerecord (7.0.4) lib/active_record/railties/controller_runtime.rb:27:in `process_action'
actionpack (7.0.4) lib/abstract_controller/base.rb:151:in `process'
actionview (7.0.4) lib/action_view/rendering.rb:39:in `process'
actionpack (7.0.4) lib/action_controller/metal.rb:188:in `dispatch'
actionpack (7.0.4) lib/action_controller/metal.rb:251:in `dispatch'
actionpack (7.0.4) lib/action_dispatch/routing/route_set.rb:49:in `dispatch'
actionpack (7.0.4) lib/action_dispatch/routing/route_set.rb:32:in `serve'
actionpack (7.0.4) lib/action_dispatch/journey/router.rb:50:in `block in serve'
actionpack (7.0.4) lib/action_dispatch/journey/router.rb:32:in `each'
actionpack (7.0.4) lib/action_dispatch/journey/router.rb:32:in `serve'
actionpack (7.0.4) lib/action_dispatch/routing/route_set.rb:852:in `call'
rack (2.2.4) lib/rack/tempfile_reaper.rb:15:in `call'
rack (2.2.4) lib/rack/etag.rb:27:in `call'
rack (2.2.4) lib/rack/conditional_get.rb:27:in `call'
rack (2.2.4) lib/rack/head.rb:12:in `call'
actionpack (7.0.4) lib/action_dispatch/http/permissions_policy.rb:38:in `call'
actionpack (7.0.4) lib/action_dispatch/http/content_security_policy.rb:36:in `call'
rack (2.2.4) lib/rack/session/abstract/id.rb:266:in `context'
rack (2.2.4) lib/rack/session/abstract/id.rb:260:in `call'
actionpack (7.0.4) lib/action_dispatch/middleware/cookies.rb:696:in `call'
activerecord (7.0.4) lib/active_record/migration.rb:603:in `call'
actionpack (7.0.4) lib/action_dispatch/middleware/callbacks.rb:27:in `block in call'
activesupport (7.0.4) lib/active_support/callbacks.rb:99:in `run_callbacks'
actionpack (7.0.4) lib/action_dispatch/middleware/callbacks.rb:26:in `call'
actionpack (7.0.4) lib/action_dispatch/middleware/executor.rb:14:in `call'
actionpack (7.0.4) lib/action_dispatch/middleware/actionable_exceptions.rb:17:in `call'
actionpack (7.0.4) lib/action_dispatch/middleware/debug_exceptions.rb:28:in `call'
web-console (4.2.0) lib/web_console/middleware.rb:132:in `call_app'
web-console (4.2.0) lib/web_console/middleware.rb:28:in `block in call'
web-console (4.2.0) lib/web_console/middleware.rb:17:in `catch'
web-console (4.2.0) lib/web_console/middleware.rb:17:in `call'
actionpack (7.0.4) lib/action_dispatch/middleware/show_exceptions.rb:26:in `call'
railties (7.0.4) lib/rails/rack/logger.rb:40:in `call_app'
railties (7.0.4) lib/rails/rack/logger.rb:25:in `block in call'
activesupport (7.0.4) lib/active_support/tagged_logging.rb:99:in `block in tagged'
activesupport (7.0.4) lib/active_support/tagged_logging.rb:37:in `tagged'
activesupport (7.0.4) lib/active_support/tagged_logging.rb:99:in `tagged'
railties (7.0.4) lib/rails/rack/logger.rb:25:in `call'
sprockets-rails (3.4.2) lib/sprockets/rails/quiet_assets.rb:13:in `call'
actionpack (7.0.4) lib/action_dispatch/middleware/remote_ip.rb:93:in `call'
actionpack (7.0.4) lib/action_dispatch/middleware/request_id.rb:26:in `call'
rack (2.2.4) lib/rack/method_override.rb:24:in `call'
rack (2.2.4) lib/rack/runtime.rb:22:in `call'
activesupport (7.0.4) lib/active_support/cache/strategy/local_cache_middleware.rb:29:in `call'
actionpack (7.0.4) lib/action_dispatch/middleware/server_timing.rb:61:in `block in call'
actionpack (7.0.4) lib/action_dispatch/middleware/server_timing.rb:26:in `collect_events'
actionpack (7.0.4) lib/action_dispatch/middleware/server_timing.rb:60:in `call'
actionpack (7.0.4) lib/action_dispatch/middleware/executor.rb:14:in `call'
actionpack (7.0.4) lib/action_dispatch/middleware/static.rb:23:in `call'
rack (2.2.4) lib/rack/sendfile.rb:110:in `call'
actionpack (7.0.4) lib/action_dispatch/middleware/host_authorization.rb:137:in `call'
railties (7.0.4) lib/rails/engine.rb:530:in `call'
puma (5.6.5) lib/puma/configuration.rb:252:in `call'
puma (5.6.5) lib/puma/request.rb:77:in `block in handle_request'
puma (5.6.5) lib/puma/thread_pool.rb:340:in `with_force_shutdown'
puma (5.6.5) lib/puma/request.rb:76:in `handle_request'
puma (5.6.5) lib/puma/server.rb:443:in `process_client'
puma (5.6.5) lib/puma/thread_pool.rb:147:in `block in spawn_thread'
Started GET "/books/new" for 127.0.0.1 at 2022-09-22 13:47:34 +0200
Processing by BooksController#new as HTML
  Rendering text template
  Rendered text template (Duration: 0.0ms | Allocations: 9)
Completed 200 OK in 30ms (Views: 17.6ms | Allocations: 1054)


Started GET "/books/new" for 127.0.0.1 at 2022-09-22 13:48:59 +0200
Processing by BooksController#new as HTML
  Rendering inline template
  Rendered inline template (Duration: 0.9ms | Allocations: 1021)
Completed 500 Internal Server Error in 47ms (Allocations: 2736)


  
ActionView::SyntaxErrorInTemplate (Encountered a syntax error while rendering template: check <% books.each do |b| <%= b.name %> %>
):
1:    <% books.each do |b| <%= b.name %> %>
  
app/controllers/books_controller.rb:23:in `new'
Started GET "/books/new" for 127.0.0.1 at 2022-09-22 13:50:08 +0200
Processing by BooksController#new as HTML
  Rendering inline template
  Rendered inline template (Duration: 0.5ms | Allocations: 1000)
Completed 500 Internal Server Error in 37ms (Allocations: 2459)


  
ActionView::SyntaxErrorInTemplate (Encountered a syntax error while rendering template: check <% books.each do |b| <%= b.name %>%><%end%>
):
1:    <% books.each do |b| <%= b.name %>%><%end%>
  
app/controllers/books_controller.rb:23:in `new'
Started GET "/books/new" for 127.0.0.1 at 2022-09-22 13:50:50 +0200
Processing by BooksController#new as HTML
  Rendering inline template
  Rendered inline template (Duration: 6.0ms | Allocations: 4301)
Completed 500 Internal Server Error in 50ms (Allocations: 5761)


  
ActionView::Template::Error (undefined local variable or method `books' for #<ActionView::Base:0x000000000200f8>
Did you mean?  books_url):
    1: <% books.each do |b| %> <%= b.name %>%><%end%>
  
app/controllers/books_controller.rb:23:in `new'
Started GET "/books/new" for 127.0.0.1 at 2022-09-22 13:51:39 +0200
Processing by BooksController#new as HTML
  Rendering inline template
  Rendered inline template (Duration: 5.9ms | Allocations: 4267)
Completed 500 Internal Server Error in 48ms (Allocations: 5725)


  
ActionView::Template::Error (undefined local variable or method `books' for #<ActionView::Base:0x00000000024338>
Did you mean?  books_url):
    1: <% books.each do |b| %><%= b.name %></p><% end %>
  
app/controllers/books_controller.rb:23:in `new'
Started GET "/books/new" for 127.0.0.1 at 2022-09-22 13:52:09 +0200
  [1m[36mActiveRecord::SchemaMigration Pluck (1.1ms)[0m  [1m[34mSELECT "schema_migrations"."version" FROM "schema_migrations" ORDER BY "schema_migrations"."version" ASC[0m
Processing by BooksController#new as HTML
  Rendering inline template
  [1m[36mBook Load (1.6ms)[0m  [1m[34mSELECT "books".* FROM "books"[0m
  ↳ app/controllers/books_controller.rb:23:in `new'
  Rendered inline template (Duration: 29.2ms | Allocations: 16617)
Completed 200 OK in 94ms (Views: 37.6ms | ActiveRecord: 9.2ms | Allocations: 21967)


Started GET "/books/new" for 127.0.0.1 at 2022-09-22 13:53:18 +0200
Processing by BooksController#new as HTML
  Rendering html template
  Rendered html template (Duration: 0.0ms | Allocations: 15)
Completed 200 OK in 27ms (Views: 14.7ms | Allocations: 1121)


Started GET "/books/new" for 127.0.0.1 at 2022-09-22 13:53:53 +0200
Processing by BooksController#new as HTML
  [1m[36mBook Load (1.0ms)[0m  [1m[34mSELECT "books".* FROM "books"[0m
  ↳ app/controllers/books_controller.rb:25:in `new'
Completed 200 OK in 50ms (Views: 17.9ms | ActiveRecord: 8.7ms | Allocations: 3859)


Started GET "/books/new" for 127.0.0.1 at 2022-09-22 13:54:52 +0200
Processing by BooksController#new as HTML
  [1m[36mBook Load (1.6ms)[0m  [1m[34mSELECT "books".* FROM "books"[0m
  ↳ app/controllers/books_controller.rb:25:in `new'
Completed 500 Internal Server Error in 58ms (Views: 24.2ms | ActiveRecord: 10.4ms | Allocations: 4675)



AbstractController::DoubleRenderError - Render and/or redirect were called multiple times in this action. Please note that you may only call render OR redirect, and at most once per action. Also note that neither redirect nor render terminate execution of the action, so if you want to exit an action after redirecting, you need to do something like "redirect_to(...) and return".:
  app/controllers/books_controller.rb:26:in `new'

Started POST "/__better_errors/6ff1bddc31c95a4a/variables" for 127.0.0.1 at 2022-09-22 13:54:52 +0200
Started GET "/books/new" for 127.0.0.1 at 2022-09-22 13:55:03 +0200
Processing by BooksController#new as HTML
Security warning: an embedded <script> tag on another site requested protected JavaScript. If you know what you're doing, go ahead and disable forgery protection on this action to permit cross-origin JavaScript embedding.
Completed 422 Unprocessable Entity in 40ms (Views: 0.2ms | Allocations: 1782)



ActionController::InvalidCrossOriginRequest - Security warning: an embedded <script> tag on another site requested protected JavaScript. If you know what you're doing, go ahead and disable forgery protection on this action to permit cross-origin JavaScript embedding.:

Started POST "/__better_errors/dc968c52edb61e1d/variables" for 127.0.0.1 at 2022-09-22 13:55:03 +0200
  [1m[36mBook Load (3.4ms)[0m  [1m[34mSELECT "books".* FROM "books" /* loading for inspect */ LIMIT ?[0m  [["LIMIT", 11]]
  ↳ (eval):72:in `block in render'
Started GET "/books/new" for 127.0.0.1 at 2022-09-22 13:56:44 +0200
Processing by BooksController#new as HTML
Security warning: an embedded <script> tag on another site requested protected JavaScript. If you know what you're doing, go ahead and disable forgery protection on this action to permit cross-origin JavaScript embedding.
Completed 422 Unprocessable Entity in 33ms (Views: 1.1ms | Allocations: 1782)



ActionController::InvalidCrossOriginRequest - Security warning: an embedded <script> tag on another site requested protected JavaScript. If you know what you're doing, go ahead and disable forgery protection on this action to permit cross-origin JavaScript embedding.:

Started POST "/__better_errors/975f4e46dec08aa0/variables" for 127.0.0.1 at 2022-09-22 13:56:45 +0200
  [1m[36mBook Load (1.8ms)[0m  [1m[34mSELECT "books".* FROM "books" /* loading for inspect */ LIMIT ?[0m  [["LIMIT", 11]]
  ↳ (eval):72:in `block in render'
Started GET "/books/new" for 127.0.0.1 at 2022-09-22 13:56:48 +0200
Processing by BooksController#new as HTML
Security warning: an embedded <script> tag on another site requested protected JavaScript. If you know what you're doing, go ahead and disable forgery protection on this action to permit cross-origin JavaScript embedding.
Completed 422 Unprocessable Entity in 11ms (Views: 0.2ms | ActiveRecord: 0.0ms | Allocations: 1058)



ActionController::InvalidCrossOriginRequest - Security warning: an embedded <script> tag on another site requested protected JavaScript. If you know what you're doing, go ahead and disable forgery protection on this action to permit cross-origin JavaScript embedding.:

Started POST "/__better_errors/5f0cf8b5eaac4c6e/variables" for 127.0.0.1 at 2022-09-22 13:56:49 +0200
  [1m[36mBook Load (1.2ms)[0m  [1m[34mSELECT "books".* FROM "books" /* loading for inspect */ LIMIT ?[0m  [["LIMIT", 11]]
  ↳ (eval):72:in `block in render'
Started GET "/books/new" for 127.0.0.1 at 2022-09-22 13:58:44 +0200
Processing by BooksController#new as HTML
Security warning: an embedded <script> tag on another site requested protected JavaScript. If you know what you're doing, go ahead and disable forgery protection on this action to permit cross-origin JavaScript embedding.
Completed 422 Unprocessable Entity in 42ms (Views: 0.2ms | Allocations: 1794)



ActionController::InvalidCrossOriginRequest - Security warning: an embedded <script> tag on another site requested protected JavaScript. If you know what you're doing, go ahead and disable forgery protection on this action to permit cross-origin JavaScript embedding.:

Started POST "/__better_errors/e1ac0fb997c5b38c/variables" for 127.0.0.1 at 2022-09-22 13:58:45 +0200
  [1m[36mBook Load (1.4ms)[0m  [1m[34mSELECT "books".* FROM "books" /* loading for inspect */ LIMIT ?[0m  [["LIMIT", 11]]
  ↳ (eval):72:in `block in render'
Started GET "/books/new" for 127.0.0.1 at 2022-09-22 13:58:49 +0200
Processing by BooksController#new as HTML
Security warning: an embedded <script> tag on another site requested protected JavaScript. If you know what you're doing, go ahead and disable forgery protection on this action to permit cross-origin JavaScript embedding.
Completed 422 Unprocessable Entity in 10ms (Views: 0.2ms | ActiveRecord: 0.0ms | Allocations: 1061)



ActionController::InvalidCrossOriginRequest - Security warning: an embedded <script> tag on another site requested protected JavaScript. If you know what you're doing, go ahead and disable forgery protection on this action to permit cross-origin JavaScript embedding.:

Started POST "/__better_errors/866adb3f1ea6ee54/variables" for 127.0.0.1 at 2022-09-22 13:58:49 +0200
  [1m[36mBook Load (2.0ms)[0m  [1m[34mSELECT "books".* FROM "books" /* loading for inspect */ LIMIT ?[0m  [["LIMIT", 11]]
  ↳ (eval):72:in `block in render'
Started GET "/books/new" for 127.0.0.1 at 2022-09-22 13:59:06 +0200
Processing by BooksController#new as HTML
Security warning: an embedded <script> tag on another site requested protected JavaScript. If you know what you're doing, go ahead and disable forgery protection on this action to permit cross-origin JavaScript embedding.
Completed 422 Unprocessable Entity in 28ms (Views: 0.1ms | Allocations: 1845)



ActionController::InvalidCrossOriginRequest - Security warning: an embedded <script> tag on another site requested protected JavaScript. If you know what you're doing, go ahead and disable forgery protection on this action to permit cross-origin JavaScript embedding.:

Started POST "/__better_errors/5fb434ae2a8f3ee2/variables" for 127.0.0.1 at 2022-09-22 13:59:06 +0200
  [1m[36mBook Load (2.1ms)[0m  [1m[34mSELECT "books".* FROM "books" /* loading for inspect */ LIMIT ?[0m  [["LIMIT", 11]]
  ↳ (eval):72:in `block in render'
Started GET "/books/new" for 127.0.0.1 at 2022-09-22 13:59:18 +0200
Processing by BooksController#new as HTML
Security warning: an embedded <script> tag on another site requested protected JavaScript. If you know what you're doing, go ahead and disable forgery protection on this action to permit cross-origin JavaScript embedding.
Completed 422 Unprocessable Entity in 11ms (Views: 0.2ms | ActiveRecord: 0.0ms | Allocations: 1060)



ActionController::InvalidCrossOriginRequest - Security warning: an embedded <script> tag on another site requested protected JavaScript. If you know what you're doing, go ahead and disable forgery protection on this action to permit cross-origin JavaScript embedding.:

Started POST "/__better_errors/79e21e4d656a5d77/variables" for 127.0.0.1 at 2022-09-22 13:59:18 +0200
  [1m[36mBook Load (2.2ms)[0m  [1m[34mSELECT "books".* FROM "books" /* loading for inspect */ LIMIT ?[0m  [["LIMIT", 11]]
  ↳ (eval):72:in `block in render'
Started GET "/books/new" for 127.0.0.1 at 2022-09-22 13:59:38 +0200
Processing by BooksController#new as HTML
Security warning: an embedded <script> tag on another site requested protected JavaScript. If you know what you're doing, go ahead and disable forgery protection on this action to permit cross-origin JavaScript embedding.
Completed 422 Unprocessable Entity in 32ms (Views: 0.2ms | Allocations: 1782)



ActionController::InvalidCrossOriginRequest - Security warning: an embedded <script> tag on another site requested protected JavaScript. If you know what you're doing, go ahead and disable forgery protection on this action to permit cross-origin JavaScript embedding.:

Started POST "/__better_errors/1351d542a639d929/variables" for 127.0.0.1 at 2022-09-22 13:59:38 +0200
  [1m[36mBook Load (3.1ms)[0m  [1m[34mSELECT "books".* FROM "books" /* loading for inspect */ LIMIT ?[0m  [["LIMIT", 11]]
  ↳ (eval):72:in `block in render'
Started GET "/books/new" for 127.0.0.1 at 2022-09-22 14:00:25 +0200
Processing by BooksController#new as HTML
  Rendering public/404.html
  Rendered public/404.html (Duration: 3.4ms | Allocations: 12)
Completed 200 OK in 58ms (Views: 28.2ms | Allocations: 1766)


Started GET "/books/new" for 127.0.0.1 at 2022-09-22 14:04:46 +0200
Processing by BooksController#new as HTML
Completed 500 Internal Server Error in 61ms (Allocations: 4397)



ActionView::MissingTemplate - Missing template books/new, application/new with {:locale=>[:en], :formats=>[:html], :variants=>[], :handlers=>[:raw, :erb, :html, :builder, :ruby, :jbuilder]}.
Searched in:
  * "/mnt/c/git/AppAcademy/new/Rails/Controller/apps/dummy2/app/views"
  * "/home/elaraby/.rvm/gems/ruby-3.0.1/gems/actiontext-7.0.4/app/views"
  * "/home/elaraby/.rvm/gems/ruby-3.0.1/gems/actionmailbox-7.0.4/app/views"
Did you mean?  rails/conductor/action_mailbox/inbound_emails/new
               rails/conductor/action_mailbox/inbound_emails/sources/new
               books/index
               rails/conductor/action_mailbox/inbound_emails/show
               rails/conductor/action_mailbox/inbound_emails/index
               books/update:
  app/controllers/books_controller.rb:28:in `new'

Started POST "/__better_errors/b35a8096ab80729f/variables" for 127.0.0.1 at 2022-09-22 14:04:47 +0200
  [1m[36mBook Load (1.3ms)[0m  [1m[34mSELECT "books".* FROM "books" /* loading for inspect */ LIMIT ?[0m  [["LIMIT", 11]]
  ↳ (eval):72:in `block in render'
Started GET "/books/new" for 127.0.0.1 at 2022-09-22 14:05:35 +0200
Processing by BooksController#new as HTML
Completed 500 Internal Server Error in 44ms (Allocations: 3068)



ActionView::MissingTemplate - Missing template books/new, application/new with {:locale=>[:en], :formats=>[:html], :variants=>[], :handlers=>[:raw, :erb, :html, :builder, :ruby, :jbuilder]}.
Searched in:
  * "/mnt/c/git/AppAcademy/new/Rails/Controller/apps/dummy2/app/views"
  * "/home/elaraby/.rvm/gems/ruby-3.0.1/gems/actiontext-7.0.4/app/views"
  * "/home/elaraby/.rvm/gems/ruby-3.0.1/gems/actionmailbox-7.0.4/app/views"
Did you mean?  rails/conductor/action_mailbox/inbound_emails/new
               rails/conductor/action_mailbox/inbound_emails/sources/new
               books/index
               rails/conductor/action_mailbox/inbound_emails/show
               rails/conductor/action_mailbox/inbound_emails/index
               books/update:
  app/controllers/books_controller.rb:28:in `new'

Started POST "/__better_errors/00d91e106c0601ee/variables" for 127.0.0.1 at 2022-09-22 14:05:35 +0200
  [1m[36mBook Load (1.3ms)[0m  [1m[34mSELECT "books".* FROM "books" /* loading for inspect */ LIMIT ?[0m  [["LIMIT", 11]]
  ↳ (eval):72:in `block in render'
Started GET "/books/new" for 127.0.0.1 at 2022-09-22 14:05:55 +0200
Processing by BooksController#new as HTML
  Rendering layout layouts/application.html.erb
  Rendering books/new.html.erb within layouts/application
  Rendered books/new.html.erb within layouts/application (Duration: 7.5ms | Allocations: 138)
  Rendered layout layouts/application.html.erb (Duration: 733.5ms | Allocations: 36152)
Completed 403 Forbidden in 792ms (Views: 758.1ms | Allocations: 38816)


Started GET "/books/new" for 127.0.0.1 at 2022-09-22 14:06:17 +0200
Processing by BooksController#new as HTML
  Rendering layout layouts/application.html.erb
  Rendering books/new.html.erb within layouts/application
  Rendered books/new.html.erb within layouts/application (Duration: 0.1ms | Allocations: 12)
  Rendered layout layouts/application.html.erb (Duration: 161.7ms | Allocations: 14535)
Completed 500 Internal Server Error in 194ms (Views: 163.7ms | Allocations: 16359)


Started GET "/books/new" for 127.0.0.1 at 2022-09-22 14:55:05 +0200
Processing by BooksController#new as HTML
Redirected to 
Completed 500 Internal Server Error in 34ms (Allocations: 3490)



NoMethodError - undefined method `books_url_url' for #<BooksController:0x00000000044160>
Did you mean?  books_url:
  app/controllers/books_controller.rb:29:in `new'

Started POST "/__better_errors/9347ef42e4f8523b/variables" for 127.0.0.1 at 2022-09-22 14:55:06 +0200
  [1m[36mBook Load (7.8ms)[0m  [1m[34mSELECT "books".* FROM "books" /* loading for inspect */ LIMIT ?[0m  [["LIMIT", 11]]
  ↳ (eval):72:in `block in render'
Started GET "/books/new" for 127.0.0.1 at 2022-09-22 14:55:13 +0200
Processing by BooksController#new as HTML
Redirected to http://127.0.0.1:3000/books
Completed 302 Found in 39ms (Allocations: 1093)


Started GET "/books" for 127.0.0.1 at 2022-09-22 14:55:14 +0200
Processing by BooksController#index as HTML
  Rendering layout layouts/application.html.erb
  Rendering books/index.html.erb within layouts/application
  [1m[36mBook Load (2.0ms)[0m  [1m[34mSELECT "books".* FROM "books"[0m
  ↳ app/views/books/index.html.erb:3
  Rendered books/index.html.erb within layouts/application (Duration: 27.1ms | Allocations: 2664)
  Rendered layout layouts/application.html.erb (Duration: 219.5ms | Allocations: 17196)
Completed 200 OK in 239ms (Views: 222.0ms | ActiveRecord: 10.6ms | Allocations: 18137)


